0 info it worked if it ends with ok
1 verbose cli [ '/usr/local/Cellar/node/6.2.2/bin/node',
1 verbose cli   '/usr/local/bin/npm',
1 verbose cli   'start' ]
2 info using npm@3.9.5
3 info using node@v6.2.2
4 verbose run-script [ 'prestart', 'start', 'poststart' ]
5 info lifecycle thoughtstream@0.0.1~prestart: thoughtstream@0.0.1
6 silly lifecycle thoughtstream@0.0.1~prestart: no script for prestart, continuing
7 info lifecycle thoughtstream@0.0.1~start: thoughtstream@0.0.1
8 verbose lifecycle thoughtstream@0.0.1~start: unsafe-perm in lifecycle true
9 verbose lifecycle thoughtstream@0.0.1~start: PATH: /usr/local/lib/node_modules/npm/bin/node-gyp-bin:/Users/grantgumina/my_code/ThoughtStream/node_modules/.bin:/usr/local/Cellar/node/6.2.2/bin:bin:script:node_modules/.bin:/Users/grantgumina/.bin:/Users/grantgumina/.gem/bin:/Users/grantgumina/.pyenv/bin:/Users/grantgumina/.pyenv/shims:/Users/grantgumina/.opam/system/bin:/Users/grantgumina/.rvm/bin:/Users/grantgumina/Library/Haskell/bin:/Users/grantgumina/bin:/Users/grantgumina/.gem/ruby/2.2.0/bin:/Users/grantgumina/dev/go//bin:/Applications/Postgres.app/Contents/Versions/9.3/bin:/usr/local/opt/go/libexec/bin:/usr/local/share/npm/bin:/usr/local/MacGPG2/bin:/usr/local/sbin:/usr/local/bin:/usr/texbin:/usr/sbin:/usr/bin:/opt/X11/bin:/sbin:/bin
10 verbose lifecycle thoughtstream@0.0.1~start: CWD: /Users/grantgumina/my_code/ThoughtStream
11 silly lifecycle thoughtstream@0.0.1~start: Args: [ '-c', 'node server.js' ]
12 silly lifecycle thoughtstream@0.0.1~start: Returned: code: 1  signal: null
13 info lifecycle thoughtstream@0.0.1~start: Failed to exec start script
14 verbose stack Error: thoughtstream@0.0.1 start: `node server.js`
14 verbose stack Exit status 1
14 verbose stack     at EventEmitter.<anonymous> (/usr/local/lib/node_modules/npm/lib/utils/lifecycle.js:245:16)
14 verbose stack     at emitTwo (events.js:106:13)
14 verbose stack     at EventEmitter.emit (events.js:191:7)
14 verbose stack     at ChildProcess.<anonymous> (/usr/local/lib/node_modules/npm/lib/utils/spawn.js:24:14)
14 verbose stack     at emitTwo (events.js:106:13)
14 verbose stack     at ChildProcess.emit (events.js:191:7)
14 verbose stack     at maybeClose (internal/child_process.js:852:16)
14 verbose stack     at Process.ChildProcess._handle.onexit (internal/child_process.js:215:5)
15 verbose pkgid thoughtstream@0.0.1
16 verbose cwd /Users/grantgumina/my_code/ThoughtStream
17 error Darwin 15.6.0
18 error argv "/usr/local/Cellar/node/6.2.2/bin/node" "/usr/local/bin/npm" "start"
19 error node v6.2.2
20 error npm  v3.9.5
21 error code ELIFECYCLE
22 error thoughtstream@0.0.1 start: `node server.js`
22 error Exit status 1
23 error Failed at the thoughtstream@0.0.1 start script 'node server.js'.
23 error Make sure you have the latest version of node.js and npm installed.
23 error If you do, this is most likely a problem with the thoughtstream package,
23 error not with npm itself.
23 error Tell the author that this fails on your system:
23 error     node server.js
23 error You can get information on how to open an issue for this project with:
23 error     npm bugs thoughtstream
23 error Or if that isn't available, you can get their info via:
23 error     npm owner ls thoughtstream
23 error There is likely additional logging output above.
24 verbose exit [ 1, true ]
